<?xml version="1.0" encoding="UTF-8"?>
<testng-results ignored="0" total="1" passed="1" failed="0" skipped="0">
  <reporter-output>
  </reporter-output>
  <suite started-at="2021-01-28T14:43:42Z" name="Default suite" finished-at="2021-01-28T14:43:49Z" duration-ms="7462">
    <groups>
    </groups>
    <test started-at="2021-01-28T14:43:42Z" name="Default test" finished-at="2021-01-28T14:43:49Z" duration-ms="7462">
      <class name="Doodle_Test_cases.Login">
        <test-method signature="login()[pri:0, instance:Doodle_Test_cases.Login@32ee6fee]" started-at="2021-01-28T15:43:42Z" name="login" finished-at="2021-01-28T15:43:49Z" duration-ms="7450" status="PASS">
          <reporter-output>
          </reporter-output>
        </test-method> <!-- login -->
      </class> <!-- Doodle_Test_cases.Login -->
    </test> <!-- Default test -->
  </suite> <!-- Default suite -->
</testng-results>
